[ 2017-12-13T13:13:49+08:00 ] 127.0.0.1 /admin
INFO: [ app_init ] --START--
INFO: Run Behavior\BuildLiteBehavior [ RunTime:0.001179s ]
INFO: [ app_init ] --END-- [ RunTime:0.001501s ]
INFO: [ app_begin ] --START--
INFO: Run Behavior\ReadHtmlCacheBehavior [ RunTime:0.000458s ]
INFO: [ app_begin ] --END-- [ RunTime:0.000551s ]

[ 2017-12-13T13:13:49+08:00 ] 127.0.0.1 /Admin/public/login
INFO: [ app_init ] --START--
INFO: Run Behavior\BuildLiteBehavior [ RunTime:0.000019s ]
INFO: [ app_init ] --END-- [ RunTime:0.000317s ]
INFO: [ app_begin ] --START--
INFO: Run Behavior\ReadHtmlCacheBehavior [ RunTime:0.000361s ]
INFO: [ app_begin ] --END-- [ RunTime:0.000442s ]
INFO: [ view_parse ] --START--
INFO: [ template_filter ] --START--
INFO: Run Behavior\ContentReplaceBehavior [ RunTime:0.000083s ]
INFO: [ template_filter ] --END-- [ RunTime:0.000161s ]
INFO: Run Behavior\ParseTemplateBehavior [ RunTime:0.006164s ]
INFO: [ view_parse ] --END-- [ RunTime:0.006265s ]
INFO: [ view_filter ] --START--
INFO: Run Behavior\WriteHtmlCacheBehavior [ RunTime:0.000395s ]
INFO: [ view_filter ] --END-- [ RunTime:0.000468s ]
INFO: [ app_end ] --START--
INFO: Run Behavior\ShowPageTraceBehavior [ RunTime:0.000402s ]
INFO: [ app_end ] --END-- [ RunTime:0.000478s ]

[ 2017-12-13T13:13:49+08:00 ] 127.0.0.1 /Admin/public/verify
INFO: [ app_init ] --START--
INFO: Run Behavior\BuildLiteBehavior [ RunTime:0.000024s ]
INFO: [ app_init ] --END-- [ RunTime:0.000332s ]
INFO: [ app_begin ] --START--
INFO: Run Behavior\ReadHtmlCacheBehavior [ RunTime:0.000386s ]
INFO: [ app_begin ] --END-- [ RunTime:0.000473s ]
INFO: [ app_end ] --START--
INFO: Run Behavior\ShowPageTraceBehavior [ RunTime:0.000843s ]
INFO: [ app_end ] --END-- [ RunTime:0.001071s ]

[ 2017-12-13T13:13:55+08:00 ] 127.0.0.1 /Admin/public/login
INFO: [ app_init ] --START--
INFO: Run Behavior\BuildLiteBehavior [ RunTime:0.000020s ]
INFO: [ app_init ] --END-- [ RunTime:0.000328s ]
INFO: [ app_begin ] --START--
INFO: Run Behavior\ReadHtmlCacheBehavior [ RunTime:0.000348s ]
INFO: [ app_begin ] --END-- [ RunTime:0.000421s ]
SQL: SHOW COLUMNS FROM `h_admin_user` [ RunTime:0.0131s ]
SQL: SELECT * FROM `h_admin_user` WHERE `username` = 'admin' LIMIT 1   [ RunTime:0.0099s ]
SQL: UPDATE `h_admin_user` SET `username`='admin',`password`='96de4eceb9a0c2b9b52c0b618819821b',`last_login`='1513142035',`last_ip`='127.0.0.1',`lock`='0' WHERE `user_id` = 1 [ RunTime:0.0272s ]

[ 2017-12-13T13:13:55+08:00 ] 127.0.0.1 /Admin/index/index
INFO: [ app_init ] --START--
INFO: Run Behavior\BuildLiteBehavior [ RunTime:0.000026s ]
INFO: [ app_init ] --END-- [ RunTime:0.001185s ]
INFO: [ app_begin ] --START--
INFO: Run Behavior\ReadHtmlCacheBehavior [ RunTime:0.000286s ]
INFO: [ app_begin ] --END-- [ RunTime:0.000346s ]
SQL: SHOW COLUMNS FROM `h_admin_user` [ RunTime:0.0137s ]
SQL: SELECT * FROM `h_admin_user` WHERE `user_id` = 1 LIMIT 1   [ RunTime:0.0111s ]
SQL: SELECT VERSION() as version [ RunTime:0.0123s ]
SQL: SHOW COLUMNS FROM `h_admin_log` [ RunTime:0.0127s ]
SQL: SELECT * FROM `h_admin_log` WHERE `admin_id` = 1 AND `log_type` = 0 ORDER BY `log_time` LIMIT 5   [ RunTime:0.0092s ]
SQL: SELECT * FROM `h_admin_log` WHERE `admin_id` = 1 AND `log_type` = 1 ORDER BY `log_time` LIMIT 5   [ RunTime:0.0092s ]
INFO: [ view_parse ] --START--
INFO: [ template_filter ] --START--
INFO: Run Behavior\ContentReplaceBehavior [ RunTime:0.000479s ]
INFO: [ template_filter ] --END-- [ RunTime:0.000540s ]
INFO: Run Behavior\ParseTemplateBehavior [ RunTime:0.021737s ]
INFO: [ view_parse ] --END-- [ RunTime:0.021805s ]
INFO: [ view_filter ] --START--
INFO: Run Behavior\WriteHtmlCacheBehavior [ RunTime:0.000135s ]
INFO: [ view_filter ] --END-- [ RunTime:0.000179s ]
INFO: [ app_end ] --START--
INFO: Run Behavior\ShowPageTraceBehavior [ RunTime:0.000442s ]
INFO: [ app_end ] --END-- [ RunTime:0.000539s ]

[ 2017-12-13T13:16:31+08:00 ] 127.0.0.1 /Admin/database/index
INFO: [ app_init ] --START--
INFO: Run Behavior\BuildLiteBehavior [ RunTime:0.000017s ]
INFO: [ app_init ] --END-- [ RunTime:0.000745s ]
INFO: [ app_begin ] --START--
INFO: Run Behavior\ReadHtmlCacheBehavior [ RunTime:0.000669s ]
INFO: [ app_begin ] --END-- [ RunTime:0.000742s ]
SQL: SHOW COLUMNS FROM `h_admin_user` [ RunTime:0.0090s ]
SQL: SELECT * FROM `h_admin_user` WHERE `user_id` = 1 LIMIT 1   [ RunTime:0.0089s ]
SQL: SHOW TABLE STATUS [ RunTime:0.0248s ]
INFO: [ view_parse ] --START--
INFO: [ template_filter ] --START--
INFO: Run Behavior\ContentReplaceBehavior [ RunTime:0.000495s ]
INFO: [ template_filter ] --END-- [ RunTime:0.000559s ]
INFO: Run Behavior\ParseTemplateBehavior [ RunTime:0.032329s ]
INFO: [ view_parse ] --END-- [ RunTime:0.032411s ]
INFO: [ view_filter ] --START--
INFO: Run Behavior\WriteHtmlCacheBehavior [ RunTime:0.000585s ]
INFO: [ view_filter ] --END-- [ RunTime:0.000659s ]
INFO: [ app_end ] --START--
INFO: Run Behavior\ShowPageTraceBehavior [ RunTime:0.001890s ]
INFO: [ app_end ] --END-- [ RunTime:0.002007s ]

[ 2017-12-13T13:16:33+08:00 ] 127.0.0.1 /Admin/database/export
INFO: [ app_init ] --START--
INFO: Run Behavior\BuildLiteBehavior [ RunTime:0.000016s ]
INFO: [ app_init ] --END-- [ RunTime:0.000273s ]
INFO: [ app_begin ] --START--
INFO: Run Behavior\ReadHtmlCacheBehavior [ RunTime:0.000381s ]
INFO: [ app_begin ] --END-- [ RunTime:0.000467s ]
SQL: SHOW COLUMNS FROM `h_admin_user` [ RunTime:0.0186s ]
SQL: SELECT * FROM `h_admin_user` WHERE `user_id` = 1 LIMIT 1   [ RunTime:0.0165s ]

[ 2017-12-13T13:16:33+08:00 ] 127.0.0.1 /Admin/database/export?id=0&start=0
INFO: [ app_init ] --START--
INFO: Run Behavior\BuildLiteBehavior [ RunTime:0.000020s ]
INFO: [ app_init ] --END-- [ RunTime:0.000325s ]
INFO: [ app_begin ] --START--
INFO: Run Behavior\ReadHtmlCacheBehavior [ RunTime:0.000270s ]
INFO: [ app_begin ] --END-- [ RunTime:0.000324s ]
SQL: SHOW COLUMNS FROM `h_admin_user` [ RunTime:0.0105s ]
SQL: SELECT * FROM `h_admin_user` WHERE `user_id` = 1 LIMIT 1   [ RunTime:0.0088s ]
SQL: SHOW CREATE TABLE `h_access` [ RunTime:0.0123s ]
NOTIC: [8] Undefined index: Create Table /www/shop/ThinkPHP/Library/COM/Database.class.php 第 132 行.
SQL: SELECT COUNT(*) AS count FROM `h_access` [ RunTime:0.0088s ]
SQL: SELECT * FROM `h_access` LIMIT 0, 1000 [ RunTime:0.0110s ]
NOTIC: [2] array_map() expects parameter 1 to be a valid callback, function 'mysql_real_escape_string' not found or invalid function name /www/shop/ThinkPHP/Library/COM/Database.class.php 第 155 行.
NOTIC: [2] implode(): Invalid arguments passed /www/shop/ThinkPHP/Library/COM/Database.class.php 第 156 行.
NOTIC: [2] array_map() expects parameter 1 to be a valid callback, function 'mysql_real_escape_string' not found or invalid function name /www/shop/ThinkPHP/Library/COM/Database.class.php 第 155 行.
NOTIC: [2] implode(): Invalid arguments passed /www/shop/ThinkPHP/Library/COM/Database.class.php 第 156 行.
NOTIC: [2] array_map() expects parameter 1 to be a valid callback, function 'mysql_real_escape_string' not found or invalid function name /www/shop/ThinkPHP/Library/COM/Database.class.php 第 155 行.
NOTIC: [2] implode(): Invalid arguments passed /www/shop/ThinkPHP/Library/COM/Database.class.php 第 156 行.
NOTIC: [2] array_map() expects parameter 1 to be a valid callback, function 'mysql_real_escape_string' not found or invalid function name /www/shop/ThinkPHP/Library/COM/Database.class.php 第 155 行.
NOTIC: [2] implode(): Invalid arguments passed /www/shop/ThinkPHP/Library/COM/Database.class.php 第 156 行.
NOTIC: [2] array_map() expects parameter 1 to be a valid callback, function 'mysql_real_escape_string' not found or invalid function name /www/shop/ThinkPHP/Library/COM/Database.class.php 第 155 行.
NOTIC: [2] implode(): Invalid arguments passed /www/shop/ThinkPHP/Library/COM/Database.class.php 第 156 行.
NOTIC: [2] array_map() expects parameter 1 to be a valid callback, function 'mysql_real_escape_string' not found or invalid function name /www/shop/ThinkPHP/Library/COM/Database.class.php 第 155 行.
NOTIC: [2] implode(): Invalid arguments passed /www/shop/ThinkPHP/Library/COM/Database.class.php 第 156 行.
NOTIC: [2] array_map() expects parameter 1 to be a valid callback, function 'mysql_real_escape_string' not found or invalid function name /www/shop/ThinkPHP/Library/COM/Database.class.php 第 155 行.
NOTIC: [2] implode(): Invalid arguments passed /www/shop/ThinkPHP/Library/COM/Database.class.php 第 156 行.
NOTIC: [2] array_map() expects parameter 1 to be a valid callback, function 'mysql_real_escape_string' not found or invalid function name /www/shop/ThinkPHP/Library/COM/Database.class.php 第 155 行.
NOTIC: [2] implode(): Invalid arguments passed /www/shop/ThinkPHP/Library/COM/Database.class.php 第 156 行.
NOTIC: [2] array_map() expects parameter 1 to be a valid callback, function 'mysql_real_escape_string' not found or invalid function name /www/shop/ThinkPHP/Library/COM/Database.class.php 第 155 行.
NOTIC: [2] implode(): Invalid arguments passed /www/shop/ThinkPHP/Library/COM/Database.class.php 第 156 行.
NOTIC: [2] array_map() expects parameter 1 to be a valid callback, function 'mysql_real_escape_string' not found or invalid function name /www/shop/ThinkPHP/Library/COM/Database.class.php 第 155 行.
NOTIC: [2] implode(): Invalid arguments passed /www/shop/ThinkPHP/Library/COM/Database.class.php 第 156 行.
NOTIC: [2] array_map() expects parameter 1 to be a valid callback, function 'mysql_real_escape_string' not found or invalid function name /www/shop/ThinkPHP/Library/COM/Database.class.php 第 155 行.
NOTIC: [2] implode(): Invalid arguments passed /www/shop/ThinkPHP/Library/COM/Database.class.php 第 156 行.
NOTIC: [2] array_map() expects parameter 1 to be a valid callback, function 'mysql_real_escape_string' not found or invalid function name /www/shop/ThinkPHP/Library/COM/Database.class.php 第 155 行.
NOTIC: [2] implode(): Invalid arguments passed /www/shop/ThinkPHP/Library/COM/Database.class.php 第 156 行.
NOTIC: [2] array_map() expects parameter 1 to be a valid callback, function 'mysql_real_escape_string' not found or invalid function name /www/shop/ThinkPHP/Library/COM/Database.class.php 第 155 行.
NOTIC: [2] implode(): Invalid arguments passed /www/shop/ThinkPHP/Library/COM/Database.class.php 第 156 行.
NOTIC: [2] array_map() expects parameter 1 to be a valid callback, function 'mysql_real_escape_string' not found or invalid function name /www/shop/ThinkPHP/Library/COM/Database.class.php 第 155 行.
NOTIC: [2] implode(): Invalid arguments passed /www/shop/ThinkPHP/Library/COM/Database.class.php 第 156 行.
NOTIC: [2] array_map() expects parameter 1 to be a valid callback, function 'mysql_real_escape_string' not found or invalid function name /www/shop/ThinkPHP/Library/COM/Database.class.php 第 155 行.
NOTIC: [2] implode(): Invalid arguments passed /www/shop/ThinkPHP/Library/COM/Database.class.php 第 156 行.
NOTIC: [2] array_map() expects parameter 1 to be a valid callback, function 'mysql_real_escape_string' not found or invalid function name /www/shop/ThinkPHP/Library/COM/Database.class.php 第 155 行.
NOTIC: [2] implode(): Invalid arguments passed /www/shop/ThinkPHP/Library/COM/Database.class.php 第 156 行.
NOTIC: [2] array_map() expects parameter 1 to be a valid callback, function 'mysql_real_escape_string' not found or invalid function name /www/shop/ThinkPHP/Library/COM/Database.class.php 第 155 行.
NOTIC: [2] implode(): Invalid arguments passed /www/shop/ThinkPHP/Library/COM/Database.class.php 第 156 行.
NOTIC: [2] array_map() expects parameter 1 to be a valid callback, function 'mysql_real_escape_string' not found or invalid function name /www/shop/ThinkPHP/Library/COM/Database.class.php 第 155 行.
NOTIC: [2] implode(): Invalid arguments passed /www/shop/ThinkPHP/Library/COM/Database.class.php 第 156 行.
NOTIC: [2] array_map() expects parameter 1 to be a valid callback, function 'mysql_real_escape_string' not found or invalid function name /www/shop/ThinkPHP/Library/COM/Database.class.php 第 155 行.
NOTIC: [2] implode(): Invalid arguments passed /www/shop/ThinkPHP/Library/COM/Database.class.php 第 156 行.
NOTIC: [2] array_map() expects parameter 1 to be a valid callback, function 'mysql_real_escape_string' not found or invalid function name /www/shop/ThinkPHP/Library/COM/Database.class.php 第 155 行.
NOTIC: [2] implode(): Invalid arguments passed /www/shop/ThinkPHP/Library/COM/Database.class.php 第 156 行.
NOTIC: [2] array_map() expects parameter 1 to be a valid callback, function 'mysql_real_escape_string' not found or invalid function name /www/shop/ThinkPHP/Library/COM/Database.class.php 第 155 行.
NOTIC: [2] implode(): Invalid arguments passed /www/shop/ThinkPHP/Library/COM/Database.class.php 第 156 行.
NOTIC: [2] array_map() expects parameter 1 to be a valid callback, function 'mysql_real_escape_string' not found or invalid function name /www/shop/ThinkPHP/Library/COM/Database.class.php 第 155 行.
NOTIC: [2] implode(): Invalid arguments passed /www/shop/ThinkPHP/Library/COM/Database.class.php 第 156 行.
NOTIC: [2] array_map() expects parameter 1 to be a valid callback, function 'mysql_real_escape_string' not found or invalid function name /www/shop/ThinkPHP/Library/COM/Database.class.php 第 155 行.
NOTIC: [2] implode(): Invalid arguments passed /www/shop/ThinkPHP/Library/COM/Database.class.php 第 156 行.
NOTIC: [2] array_map() expects parameter 1 to be a valid callback, function 'mysql_real_escape_string' not found or invalid function name /www/shop/ThinkPHP/Library/COM/Database.class.php 第 155 行.
NOTIC: [2] implode(): Invalid arguments passed /www/shop/ThinkPHP/Library/COM/Database.class.php 第 156 行.
NOTIC: [2] array_map() expects parameter 1 to be a valid callback, function 'mysql_real_escape_string' not found or invalid function name /www/shop/ThinkPHP/Library/COM/Database.class.php 第 155 行.
NOTIC: [2] implode(): Invalid arguments passed /www/shop/ThinkPHP/Library/COM/Database.class.php 第 156 行.
NOTIC: [2] array_map() expects parameter 1 to be a valid callback, function 'mysql_real_escape_string' not found or invalid function name /www/shop/ThinkPHP/Library/COM/Database.class.php 第 155 行.
NOTIC: [2] implode(): Invalid arguments passed /www/shop/ThinkPHP/Library/COM/Database.class.php 第 156 行.
NOTIC: [2] array_map() expects parameter 1 to be a valid callback, function 'mysql_real_escape_string' not found or invalid function name /www/shop/ThinkPHP/Library/COM/Database.class.php 第 155 行.
NOTIC: [2] implode(): Invalid arguments passed /www/shop/ThinkPHP/Library/COM/Database.class.php 第 156 行.
NOTIC: [2] array_map() expects parameter 1 to be a valid callback, function 'mysql_real_escape_string' not found or invalid function name /www/shop/ThinkPHP/Library/COM/Database.class.php 第 155 行.
NOTIC: [2] implode(): Invalid arguments passed /www/shop/ThinkPHP/Library/COM/Database.class.php 第 156 行.
NOTIC: [2] array_map() expects parameter 1 to be a valid callback, function 'mysql_real_escape_string' not found or invalid function name /www/shop/ThinkPHP/Library/COM/Database.class.php 第 155 行.
NOTIC: [2] implode(): Invalid arguments passed /www/shop/ThinkPHP/Library/COM/Database.class.php 第 156 行.
NOTIC: [2] array_map() expects parameter 1 to be a valid callback, function 'mysql_real_escape_string' not found or invalid function name /www/shop/ThinkPHP/Library/COM/Database.class.php 第 155 行.
NOTIC: [2] implode(): Invalid arguments passed /www/shop/ThinkPHP/Library/COM/Database.class.php 第 156 行.
NOTIC: [2] array_map() expects parameter 1 to be a valid callback, function 'mysql_real_escape_string' not found or invalid function name /www/shop/ThinkPHP/Library/COM/Database.class.php 第 155 行.
NOTIC: [2] implode(): Invalid arguments passed /www/shop/ThinkPHP/Library/COM/Database.class.php 第 156 行.
NOTIC: [2] array_map() expects parameter 1 to be a valid callback, function 'mysql_real_escape_string' not found or invalid function name /www/shop/ThinkPHP/Library/COM/Database.class.php 第 155 行.
NOTIC: [2] implode(): Invalid arguments passed /www/shop/ThinkPHP/Library/COM/Database.class.php 第 156 行.
NOTIC: [2] array_map() expects parameter 1 to be a valid callback, function 'mysql_real_escape_string' not found or invalid function name /www/shop/ThinkPHP/Library/COM/Database.class.php 第 155 行.
NOTIC: [2] implode(): Invalid arguments passed /www/shop/ThinkPHP/Library/COM/Database.class.php 第 156 行.
NOTIC: [2] array_map() expects parameter 1 to be a valid callback, function 'mysql_real_escape_string' not found or invalid function name /www/shop/ThinkPHP/Library/COM/Database.class.php 第 155 行.
NOTIC: [2] implode(): Invalid arguments passed /www/shop/ThinkPHP/Library/COM/Database.class.php 第 156 行.
NOTIC: [2] array_map() expects parameter 1 to be a valid callback, function 'mysql_real_escape_string' not found or invalid function name /www/shop/ThinkPHP/Library/COM/Database.class.php 第 155 行.
NOTIC: [2] implode(): Invalid arguments passed /www/shop/ThinkPHP/Library/COM/Database.class.php 第 156 行.
NOTIC: [2] array_map() expects parameter 1 to be a valid callback, function 'mysql_real_escape_string' not found or invalid function name /www/shop/ThinkPHP/Library/COM/Database.class.php 第 155 行.
NOTIC: [2] implode(): Invalid arguments passed /www/shop/ThinkPHP/Library/COM/Database.class.php 第 156 行.
NOTIC: [2] array_map() expects parameter 1 to be a valid callback, function 'mysql_real_escape_string' not found or invalid function name /www/shop/ThinkPHP/Library/COM/Database.class.php 第 155 行.
NOTIC: [2] implode(): Invalid arguments passed /www/shop/ThinkPHP/Library/COM/Database.class.php 第 156 行.
NOTIC: [2] array_map() expects parameter 1 to be a valid callback, function 'mysql_real_escape_string' not found or invalid function name /www/shop/ThinkPHP/Library/COM/Database.class.php 第 155 行.
NOTIC: [2] implode(): Invalid arguments passed /www/shop/ThinkPHP/Library/COM/Database.class.php 第 156 行.
NOTIC: [2] array_map() expects parameter 1 to be a valid callback, function 'mysql_real_escape_string' not found or invalid function name /www/shop/ThinkPHP/Library/COM/Database.class.php 第 155 行.
NOTIC: [2] implode(): Invalid arguments passed /www/shop/ThinkPHP/Library/COM/Database.class.php 第 156 行.
NOTIC: [2] array_map() expects parameter 1 to be a valid callback, function 'mysql_real_escape_string' not found or invalid function name /www/shop/ThinkPHP/Library/COM/Database.class.php 第 155 行.
NOTIC: [2] implode(): Invalid arguments passed /www/shop/ThinkPHP/Library/COM/Database.class.php 第 156 行.
NOTIC: [2] array_map() expects parameter 1 to be a valid callback, function 'mysql_real_escape_string' not found or invalid function name /www/shop/ThinkPHP/Library/COM/Database.class.php 第 155 行.
NOTIC: [2] implode(): Invalid arguments passed /www/shop/ThinkPHP/Library/COM/Database.class.php 第 156 行.
NOTIC: [2] array_map() expects parameter 1 to be a valid callback, function 'mysql_real_escape_string' not found or invalid function name /www/shop/ThinkPHP/Library/COM/Database.class.php 第 155 行.
NOTIC: [2] implode(): Invalid arguments passed /www/shop/ThinkPHP/Library/COM/Database.class.php 第 156 行.
NOTIC: [2] array_map() expects parameter 1 to be a valid callback, function 'mysql_real_escape_string' not found or invalid function name /www/shop/ThinkPHP/Library/COM/Database.class.php 第 155 行.
NOTIC: [2] implode(): Invalid arguments passed /www/shop/ThinkPHP/Library/COM/Database.class.php 第 156 行.
NOTIC: [2] array_map() expects parameter 1 to be a valid callback, function 'mysql_real_escape_string' not found or invalid function name /www/shop/ThinkPHP/Library/COM/Database.class.php 第 155 行.
NOTIC: [2] implode(): Invalid arguments passed /www/shop/ThinkPHP/Library/COM/Database.class.php 第 156 行.
NOTIC: [2] array_map() expects parameter 1 to be a valid callback, function 'mysql_real_escape_string' not found or invalid function name /www/shop/ThinkPHP/Library/COM/Database.class.php 第 155 行.
NOTIC: [2] implode(): Invalid arguments passed /www/shop/ThinkPHP/Library/COM/Database.class.php 第 156 行.
NOTIC: [2] array_map() expects parameter 1 to be a valid callback, function 'mysql_real_escape_string' not found or invalid function name /www/shop/ThinkPHP/Library/COM/Database.class.php 第 155 行.
NOTIC: [2] implode(): Invalid arguments passed /www/shop/ThinkPHP/Library/COM/Database.class.php 第 156 行.
NOTIC: [2] array_map() expects parameter 1 to be a valid callback, function 'mysql_real_escape_string' not found or invalid function name /www/shop/ThinkPHP/Library/COM/Database.class.php 第 155 行.
NOTIC: [2] implode(): Invalid arguments passed /www/shop/ThinkPHP/Library/COM/Database.class.php 第 156 行.
NOTIC: [2] array_map() expects parameter 1 to be a valid callback, function 'mysql_real_escape_string' not found or invalid function name /www/shop/ThinkPHP/Library/COM/Database.class.php 第 155 行.
NOTIC: [2] implode(): Invalid arguments passed /www/shop/ThinkPHP/Library/COM/Database.class.php 第 156 行.
NOTIC: [2] array_map() expects parameter 1 to be a valid callback, function 'mysql_real_escape_string' not found or invalid function name /www/shop/ThinkPHP/Library/COM/Database.class.php 第 155 行.
NOTIC: [2] implode(): Invalid arguments passed /www/shop/ThinkPHP/Library/COM/Database.class.php 第 156 行.
NOTIC: [2] array_map() expects parameter 1 to be a valid callback, function 'mysql_real_escape_string' not found or invalid function name /www/shop/ThinkPHP/Library/COM/Database.class.php 第 155 行.
NOTIC: [2] implode(): Invalid arguments passed /www/shop/ThinkPHP/Library/COM/Database.class.php 第 156 行.
NOTIC: [2] array_map() expects parameter 1 to be a valid callback, function 'mysql_real_escape_string' not found or invalid function name /www/shop/ThinkPHP/Library/COM/Database.class.php 第 155 行.
NOTIC: [2] implode(): Invalid arguments passed /www/shop/ThinkPHP/Library/COM/Database.class.php 第 156 行.
NOTIC: [2] array_map() expects parameter 1 to be a valid callback, function 'mysql_real_escape_string' not found or invalid function name /www/shop/ThinkPHP/Library/COM/Database.class.php 第 155 行.
NOTIC: [2] implode(): Invalid arguments passed /www/shop/ThinkPHP/Library/COM/Database.class.php 第 156 行.
NOTIC: [2] array_map() expects parameter 1 to be a valid callback, function 'mysql_real_escape_string' not found or invalid function name /www/shop/ThinkPHP/Library/COM/Database.class.php 第 155 行.
NOTIC: [2] implode(): Invalid arguments passed /www/shop/ThinkPHP/Library/COM/Database.class.php 第 156 行.
NOTIC: [2] array_map() expects parameter 1 to be a valid callback, function 'mysql_real_escape_string' not found or invalid function name /www/shop/ThinkPHP/Library/COM/Database.class.php 第 155 行.
NOTIC: [2] implode(): Invalid arguments passed /www/shop/ThinkPHP/Library/COM/Database.class.php 第 156 行.
NOTIC: [2] array_map() expects parameter 1 to be a valid callback, function 'mysql_real_escape_string' not found or invalid function name /www/shop/ThinkPHP/Library/COM/Database.class.php 第 155 行.
NOTIC: [2] implode(): Invalid arguments passed /www/shop/ThinkPHP/Library/COM/Database.class.php 第 156 行.
NOTIC: [2] array_map() expects parameter 1 to be a valid callback, function 'mysql_real_escape_string' not found or invalid function name /www/shop/ThinkPHP/Library/COM/Database.class.php 第 155 行.
NOTIC: [2] implode(): Invalid arguments passed /www/shop/ThinkPHP/Library/COM/Database.class.php 第 156 行.
NOTIC: [2] array_map() expects parameter 1 to be a valid callback, function 'mysql_real_escape_string' not found or invalid function name /www/shop/ThinkPHP/Library/COM/Database.class.php 第 155 行.
NOTIC: [2] implode(): Invalid arguments passed /www/shop/ThinkPHP/Library/COM/Database.class.php 第 156 行.
NOTIC: [2] array_map() expects parameter 1 to be a valid callback, function 'mysql_real_escape_string' not found or invalid function name /www/shop/ThinkPHP/Library/COM/Database.class.php 第 155 行.
NOTIC: [2] implode(): Invalid arguments passed /www/shop/ThinkPHP/Library/COM/Database.class.php 第 156 行.
NOTIC: [2] array_map() expects parameter 1 to be a valid callback, function 'mysql_real_escape_string' not found or invalid function name /www/shop/ThinkPHP/Library/COM/Database.class.php 第 155 行.
NOTIC: [2] implode(): Invalid arguments passed /www/shop/ThinkPHP/Library/COM/Database.class.php 第 156 行.
NOTIC: [2] array_map() expects parameter 1 to be a valid callback, function 'mysql_real_escape_string' not found or invalid function name /www/shop/ThinkPHP/Library/COM/Database.class.php 第 155 行.
NOTIC: [2] implode(): Invalid arguments passed /www/shop/ThinkPHP/Library/COM/Database.class.php 第 156 行.
NOTIC: [2] array_map() expects parameter 1 to be a valid callback, function 'mysql_real_escape_string' not found or invalid function name /www/shop/ThinkPHP/Library/COM/Database.class.php 第 155 行.
NOTIC: [2] implode(): Invalid arguments passed /www/shop/ThinkPHP/Library/COM/Database.class.php 第 156 行.
NOTIC: [2] array_map() expects parameter 1 to be a valid callback, function 'mysql_real_escape_string' not found or invalid function name /www/shop/ThinkPHP/Library/COM/Database.class.php 第 155 行.
NOTIC: [2] implode(): Invalid arguments passed /www/shop/ThinkPHP/Library/COM/Database.class.php 第 156 行.
NOTIC: [2] array_map() expects parameter 1 to be a valid callback, function 'mysql_real_escape_string' not found or invalid function name /www/shop/ThinkPHP/Library/COM/Database.class.php 第 155 行.
NOTIC: [2] implode(): Invalid arguments passed /www/shop/ThinkPHP/Library/COM/Database.class.php 第 156 行.
NOTIC: [2] array_map() expects parameter 1 to be a valid callback, function 'mysql_real_escape_string' not found or invalid function name /www/shop/ThinkPHP/Library/COM/Database.class.php 第 155 行.
NOTIC: [2] implode(): Invalid arguments passed /www/shop/ThinkPHP/Library/COM/Database.class.php 第 156 行.
NOTIC: [2] array_map() expects parameter 1 to be a valid callback, function 'mysql_real_escape_string' not found or invalid function name /www/shop/ThinkPHP/Library/COM/Database.class.php 第 155 行.
NOTIC: [2] implode(): Invalid arguments passed /www/shop/ThinkPHP/Library/COM/Database.class.php 第 156 行.
NOTIC: [2] array_map() expects parameter 1 to be a valid callback, function 'mysql_real_escape_string' not found or invalid function name /www/shop/ThinkPHP/Library/COM/Database.class.php 第 155 行.
NOTIC: [2] implode(): Invalid arguments passed /www/shop/ThinkPHP/Library/COM/Database.class.php 第 156 行.
NOTIC: [2] array_map() expects parameter 1 to be a valid callback, function 'mysql_real_escape_string' not found or invalid function name /www/shop/ThinkPHP/Library/COM/Database.class.php 第 155 行.
NOTIC: [2] implode(): Invalid arguments passed /www/shop/ThinkPHP/Library/COM/Database.class.php 第 156 行.
NOTIC: [2] array_map() expects parameter 1 to be a valid callback, function 'mysql_real_escape_string' not found or invalid function name /www/shop/ThinkPHP/Library/COM/Database.class.php 第 155 行.
NOTIC: [2] implode(): Invalid arguments passed /www/shop/ThinkPHP/Library/COM/Database.class.php 第 156 行.
NOTIC: [2] array_map() expects parameter 1 to be a valid callback, function 'mysql_real_escape_string' not found or invalid function name /www/shop/ThinkPHP/Library/COM/Database.class.php 第 155 行.
NOTIC: [2] implode(): Invalid arguments passed /www/shop/ThinkPHP/Library/COM/Database.class.php 第 156 行.
NOTIC: [2] array_map() expects parameter 1 to be a valid callback, function 'mysql_real_escape_string' not found or invalid function name /www/shop/ThinkPHP/Library/COM/Database.class.php 第 155 行.
NOTIC: [2] implode(): Invalid arguments passed /www/shop/ThinkPHP/Library/COM/Database.class.php 第 156 行.
NOTIC: [2] array_map() expects parameter 1 to be a valid callback, function 'mysql_real_escape_string' not found or invalid function name /www/shop/ThinkPHP/Library/COM/Database.class.php 第 155 行.
NOTIC: [2] implode(): Invalid arguments passed /www/shop/ThinkPHP/Library/COM/Database.class.php 第 156 行.
NOTIC: [2] array_map() expects parameter 1 to be a valid callback, function 'mysql_real_escape_string' not found or invalid function name /www/shop/ThinkPHP/Library/COM/Database.class.php 第 155 行.
NOTIC: [2] implode(): Invalid arguments passed /www/shop/ThinkPHP/Library/COM/Database.class.php 第 156 行.
NOTIC: [2] array_map() expects parameter 1 to be a valid callback, function 'mysql_real_escape_string' not found or invalid function name /www/shop/ThinkPHP/Library/COM/Database.class.php 第 155 行.
NOTIC: [2] implode(): Invalid arguments passed /www/shop/ThinkPHP/Library/COM/Database.class.php 第 156 行.
NOTIC: [2] array_map() expects parameter 1 to be a valid callback, function 'mysql_real_escape_string' not found or invalid function name /www/shop/ThinkPHP/Library/COM/Database.class.php 第 155 行.
NOTIC: [2] implode(): Invalid arguments passed /www/shop/ThinkPHP/Library/COM/Database.class.php 第 156 行.
NOTIC: [2] array_map() expects parameter 1 to be a valid callback, function 'mysql_real_escape_string' not found or invalid function name /www/shop/ThinkPHP/Library/COM/Database.class.php 第 155 行.
NOTIC: [2] implode(): Invalid arguments passed /www/shop/ThinkPHP/Library/COM/Database.class.php 第 156 行.
NOTIC: [2] array_map() expects parameter 1 to be a valid callback, function 'mysql_real_escape_string' not found or invalid function name /www/shop/ThinkPHP/Library/COM/Database.class.php 第 155 行.
NOTIC: [2] implode(): Invalid arguments passed /www/shop/ThinkPHP/Library/COM/Database.class.php 第 156 行.
NOTIC: [2] array_map() expects parameter 1 to be a valid callback, function 'mysql_real_escape_string' not found or invalid function name /www/shop/ThinkPHP/Library/COM/Database.class.php 第 155 行.
NOTIC: [2] implode(): Invalid arguments passed /www/shop/ThinkPHP/Library/COM/Database.class.php 第 156 行.
NOTIC: [2] array_map() expects parameter 1 to be a valid callback, function 'mysql_real_escape_string' not found or invalid function name /www/shop/ThinkPHP/Library/COM/Database.class.php 第 155 行.
NOTIC: [2] implode(): Invalid arguments passed /www/shop/ThinkPHP/Library/COM/Database.class.php 第 156 行.
NOTIC: [2] array_map() expects parameter 1 to be a valid callback, function 'mysql_real_escape_string' not found or invalid function name /www/shop/ThinkPHP/Library/COM/Database.class.php 第 155 行.
NOTIC: [2] implode(): Invalid arguments passed /www/shop/ThinkPHP/Library/COM/Database.class.php 第 156 行.
NOTIC: [2] array_map() expects parameter 1 to be a valid callback, function 'mysql_real_escape_string' not found or invalid function name /www/shop/ThinkPHP/Library/COM/Database.class.php 第 155 行.
NOTIC: [2] implode(): Invalid arguments passed /www/shop/ThinkPHP/Library/COM/Database.class.php 第 156 行.

[ 2017-12-13T13:16:33+08:00 ] 127.0.0.1 /Admin/database/export?id=1&start=0
INFO: [ app_init ] --START--
INFO: Run Behavior\BuildLiteBehavior [ RunTime:0.000015s ]
INFO: [ app_init ] --END-- [ RunTime:0.000249s ]
INFO: [ app_begin ] --START--
INFO: Run Behavior\ReadHtmlCacheBehavior [ RunTime:0.000264s ]
INFO: [ app_begin ] --END-- [ RunTime:0.000316s ]
SQL: SHOW COLUMNS FROM `h_admin_user` [ RunTime:0.0193s ]
SQL: SELECT * FROM `h_admin_user` WHERE `user_id` = 1 LIMIT 1   [ RunTime:0.0195s ]
SQL: SHOW CREATE TABLE `h_account_log` [ RunTime:0.0148s ]
NOTIC: [8] Undefined index: Create Table /www/shop/ThinkPHP/Library/COM/Database.class.php 第 132 行.
SQL: SELECT COUNT(*) AS count FROM `h_account_log` [ RunTime:0.0085s ]

